13-Feb-2021 19:32:59.115 INFO [main] org.apache.catalina.startup.VersionLoggerListener.log Server version name:   Apache Tomcat/8.5.50
13-Feb-2021 19:32:59.175 INFO [main] org.apache.catalina.startup.VersionLoggerListener.log Server built:          Dec 7 2019 19:19:46 UTC
13-Feb-2021 19:32:59.175 INFO [main] org.apache.catalina.startup.VersionLoggerListener.log Server version number: 8.5.50.0
13-Feb-2021 19:32:59.175 INFO [main] org.apache.catalina.startup.VersionLoggerListener.log OS Name:               Linux
13-Feb-2021 19:32:59.175 INFO [main] org.apache.catalina.startup.VersionLoggerListener.log OS Version:            5.4.0-65-generic
13-Feb-2021 19:32:59.176 INFO [main] org.apache.catalina.startup.VersionLoggerListener.log Architecture:          amd64
13-Feb-2021 19:32:59.176 INFO [main] org.apache.catalina.startup.VersionLoggerListener.log Java Home:             /usr/lib/jvm/jdk1.8.0_281/jre
13-Feb-2021 19:32:59.176 INFO [main] org.apache.catalina.startup.VersionLoggerListener.log JVM Version:           1.8.0_281-b09
13-Feb-2021 19:32:59.176 INFO [main] org.apache.catalina.startup.VersionLoggerListener.log JVM Vendor:            Oracle Corporation
13-Feb-2021 19:32:59.176 INFO [main] org.apache.catalina.startup.VersionLoggerListener.log CATALINA_BASE:         /home/orbite/devops/apache-tomcat-8.5.50
13-Feb-2021 19:32:59.176 INFO [main] org.apache.catalina.startup.VersionLoggerListener.log CATALINA_HOME:         /home/orbite/devops/apache-tomcat-8.5.50
13-Feb-2021 19:32:59.177 INFO [main] org.apache.catalina.startup.VersionLoggerListener.log Command line argument: -Djava.util.logging.config.file=/home/orbite/devops/apache-tomcat-8.5.50/conf/logging.properties
13-Feb-2021 19:32:59.177 INFO [main] org.apache.catalina.startup.VersionLoggerListener.log Command line argument: -Djava.util.logging.manager=org.apache.juli.ClassLoaderLogManager
13-Feb-2021 19:32:59.177 INFO [main] org.apache.catalina.startup.VersionLoggerListener.log Command line argument: -Djdk.tls.ephemeralDHKeySize=2048
13-Feb-2021 19:32:59.177 INFO [main] org.apache.catalina.startup.VersionLoggerListener.log Command line argument: -Djava.protocol.handler.pkgs=org.apache.catalina.webresources
13-Feb-2021 19:32:59.177 INFO [main] org.apache.catalina.startup.VersionLoggerListener.log Command line argument: -Dorg.apache.catalina.security.SecurityListener.UMASK=0027
13-Feb-2021 19:32:59.177 INFO [main] org.apache.catalina.startup.VersionLoggerListener.log Command line argument: -Dignore.endorsed.dirs=
13-Feb-2021 19:32:59.177 INFO [main] org.apache.catalina.startup.VersionLoggerListener.log Command line argument: -Dcatalina.base=/home/orbite/devops/apache-tomcat-8.5.50
13-Feb-2021 19:32:59.178 INFO [main] org.apache.catalina.startup.VersionLoggerListener.log Command line argument: -Dcatalina.home=/home/orbite/devops/apache-tomcat-8.5.50
13-Feb-2021 19:32:59.178 INFO [main] org.apache.catalina.startup.VersionLoggerListener.log Command line argument: -Djava.io.tmpdir=/home/orbite/devops/apache-tomcat-8.5.50/temp
13-Feb-2021 19:32:59.178 INFO [main] org.apache.catalina.core.AprLifecycleListener.lifecycleEvent The APR based Apache Tomcat Native library which allows optimal performance in production environments was not found on the java.library.path: [/usr/java/packages/lib/amd64:/usr/lib64:/lib64:/lib:/usr/lib]
13-Feb-2021 19:33:00.191 INFO [main] org.apache.coyote.AbstractProtocol.init Initializing ProtocolHandler ["http-nio-8001"]
13-Feb-2021 19:33:00.287 INFO [main] org.apache.tomcat.util.net.NioSelectorPool.getSharedSelector Using a shared selector for servlet write/read
13-Feb-2021 19:33:00.333 INFO [main] org.apache.coyote.AbstractProtocol.init Initializing ProtocolHandler ["ajp-nio-8009"]
13-Feb-2021 19:33:00.337 INFO [main] org.apache.tomcat.util.net.NioSelectorPool.getSharedSelector Using a shared selector for servlet write/read
13-Feb-2021 19:33:00.338 INFO [main] org.apache.catalina.startup.Catalina.load Initialization processed in 2345 ms
13-Feb-2021 19:33:00.441 INFO [main] org.apache.catalina.core.StandardService.startInternal Starting service [Catalina]
13-Feb-2021 19:33:00.442 INFO [main] org.apache.catalina.core.StandardEngine.startInternal Starting Servlet Engine: Apache Tomcat/8.5.50
13-Feb-2021 19:33:00.507 INFO [localhost-startStop-1] org.apache.catalina.startup.HostConfig.deployDirectory Deploying web application directory [/home/orbite/devops/apache-tomcat-8.5.50/webapps/examples]
13-Feb-2021 19:33:01.271 INFO [localhost-startStop-1] org.apache.catalina.startup.HostConfig.deployDirectory Deployment of web application directory [/home/orbite/devops/apache-tomcat-8.5.50/webapps/examples] has finished in [759] ms
13-Feb-2021 19:33:01.271 INFO [localhost-startStop-1] org.apache.catalina.startup.HostConfig.deployDirectory Deploying web application directory [/home/orbite/devops/apache-tomcat-8.5.50/webapps/docs]
13-Feb-2021 19:33:01.293 INFO [localhost-startStop-1] org.apache.catalina.startup.HostConfig.deployDirectory Deployment of web application directory [/home/orbite/devops/apache-tomcat-8.5.50/webapps/docs] has finished in [22] ms
13-Feb-2021 19:33:01.296 INFO [localhost-startStop-1] org.apache.catalina.startup.HostConfig.deployDirectory Deploying web application directory [/home/orbite/devops/apache-tomcat-8.5.50/webapps/ROOT]
13-Feb-2021 19:33:01.317 INFO [localhost-startStop-1] org.apache.catalina.startup.HostConfig.deployDirectory Deployment of web application directory [/home/orbite/devops/apache-tomcat-8.5.50/webapps/ROOT] has finished in [21] ms
13-Feb-2021 19:33:01.318 INFO [localhost-startStop-1] org.apache.catalina.startup.HostConfig.deployDirectory Deploying web application directory [/home/orbite/devops/apache-tomcat-8.5.50/webapps/manager]
13-Feb-2021 19:33:01.351 INFO [localhost-startStop-1] org.apache.catalina.startup.HostConfig.deployDirectory Deployment of web application directory [/home/orbite/devops/apache-tomcat-8.5.50/webapps/manager] has finished in [33] ms
13-Feb-2021 19:33:01.354 INFO [localhost-startStop-1] org.apache.catalina.startup.HostConfig.deployDirectory Deploying web application directory [/home/orbite/devops/apache-tomcat-8.5.50/webapps/host-manager]
13-Feb-2021 19:33:01.380 INFO [localhost-startStop-1] org.apache.catalina.startup.HostConfig.deployDirectory Deployment of web application directory [/home/orbite/devops/apache-tomcat-8.5.50/webapps/host-manager] has finished in [26] ms
13-Feb-2021 19:33:01.390 INFO [main] org.apache.coyote.AbstractProtocol.start Starting ProtocolHandler ["http-nio-8001"]
13-Feb-2021 19:33:01.416 INFO [main] org.apache.coyote.AbstractProtocol.start Starting ProtocolHandler ["ajp-nio-8009"]
13-Feb-2021 19:33:01.427 INFO [main] org.apache.catalina.startup.Catalina.start Server startup in 1089 ms
13-Feb-2021 19:37:31.457 INFO [ContainerBackgroundProcessor[StandardEngine[Catalina]]] org.apache.catalina.users.MemoryUserDatabase.backgroundProcess Reloading memory user database [UserDatabase] from updated source [file:/home/orbite/devops/apache-tomcat-8.5.50/conf/tomcat-users.xml]
13-Feb-2021 19:38:01.472 INFO [ContainerBackgroundProcessor[StandardEngine[Catalina]]] org.apache.catalina.users.MemoryUserDatabase.backgroundProcess Reloading memory user database [UserDatabase] from updated source [file:/home/orbite/devops/apache-tomcat-8.5.50/conf/tomcat-users.xml]
13-Feb-2021 19:38:31.482 INFO [ContainerBackgroundProcessor[StandardEngine[Catalina]]] org.apache.catalina.startup.HostConfig.undeploy Undeploying context [/manager]
13-Feb-2021 19:38:31.542 INFO [localhost-startStop-2] org.apache.catalina.startup.HostConfig.deployDirectory Deploying web application directory [/home/orbite/devops/apache-tomcat-8.5.50/webapps/manager]
13-Feb-2021 19:38:31.546 WARNING [localhost-startStop-2] org.apache.tomcat.util.IntrospectionUtils.setProperty IntrospectionUtils: InvocationTargetException for class org.apache.catalina.valves.RemoteAddrValve allow=*)
	java.lang.reflect.InvocationTargetException
		at sun.reflect.NativeMethodAccessorImpl.invoke0(Native Method)
		at sun.reflect.NativeMethodAccessorImpl.invoke(NativeMethodAccessorImpl.java:62)
		at sun.reflect.DelegatingMethodAccessorImpl.invoke(DelegatingMethodAccessorImpl.java:43)
		at java.lang.reflect.Method.invoke(Method.java:498)
		at org.apache.tomcat.util.IntrospectionUtils.setProperty(IntrospectionUtils.java:69)
		at org.apache.tomcat.util.IntrospectionUtils.setProperty(IntrospectionUtils.java:46)
		at org.apache.tomcat.util.digester.SetPropertiesRule.begin(SetPropertiesRule.java:72)
		at org.apache.tomcat.util.digester.Digester.startElement(Digester.java:1232)
		at com.sun.org.apache.xerces.internal.parsers.AbstractSAXParser.startElement(AbstractSAXParser.java:510)
		at com.sun.org.apache.xerces.internal.parsers.AbstractXMLDocumentParser.emptyElement(AbstractXMLDocumentParser.java:183)
		at com.sun.org.apache.xerces.internal.impl.XMLDocumentFragmentScannerImpl.scanStartElement(XMLDocumentFragmentScannerImpl.java:1341)
		at com.sun.org.apache.xerces.internal.impl.XMLDocumentFragmentScannerImpl$FragmentContentDriver.next(XMLDocumentFragmentScannerImpl.java:2786)
		at com.sun.org.apache.xerces.internal.impl.XMLDocumentScannerImpl.next(XMLDocumentScannerImpl.java:605)
		at com.sun.org.apache.xerces.internal.impl.XMLDocumentFragmentScannerImpl.scanDocument(XMLDocumentFragmentScannerImpl.java:507)
		at com.sun.org.apache.xerces.internal.parsers.XML11Configuration.parse(XML11Configuration.java:867)
		at com.sun.org.apache.xerces.internal.parsers.XML11Configuration.parse(XML11Configuration.java:796)
		at com.sun.org.apache.xerces.internal.parsers.XMLParser.parse(XMLParser.java:142)
		at com.sun.org.apache.xerces.internal.parsers.AbstractSAXParser.parse(AbstractSAXParser.java:1216)
		at com.sun.org.apache.xerces.internal.jaxp.SAXParserImpl$JAXPSAXParser.parse(SAXParserImpl.java:644)
		at org.apache.tomcat.util.digester.Digester.parse(Digester.java:1493)
		at org.apache.catalina.startup.ContextConfig.processContextConfig(ContextConfig.java:531)
		at org.apache.catalina.startup.ContextConfig.contextConfig(ContextConfig.java:488)
		at org.apache.catalina.startup.ContextConfig.init(ContextConfig.java:739)
		at org.apache.catalina.startup.ContextConfig.lifecycleEvent(ContextConfig.java:310)
		at org.apache.catalina.util.LifecycleBase.fireLifecycleEvent(LifecycleBase.java:123)
		at org.apache.catalina.util.LifecycleBase.setStateInternal(LifecycleBase.java:423)
		at org.apache.catalina.util.LifecycleBase.init(LifecycleBase.java:137)
		at org.apache.catalina.util.LifecycleBase.start(LifecycleBase.java:173)
		at org.apache.catalina.core.ContainerBase.addChildInternal(ContainerBase.java:743)
		at org.apache.catalina.core.ContainerBase.addChild(ContainerBase.java:719)
		at org.apache.catalina.core.StandardHost.addChild(StandardHost.java:705)
		at org.apache.catalina.startup.HostConfig.deployDirectory(HostConfig.java:1125)
		at org.apache.catalina.startup.HostConfig$DeployDirectory.run(HostConfig.java:1859)
		at java.util.concurrent.Executors$RunnableAdapter.call(Executors.java:511)
		at java.util.concurrent.FutureTask.run(FutureTask.java:266)
		at java.util.concurrent.ThreadPoolExecutor.runWorker(ThreadPoolExecutor.java:1149)
		at java.util.concurrent.ThreadPoolExecutor$Worker.run(ThreadPoolExecutor.java:624)
		at java.lang.Thread.run(Thread.java:748)
	Caused by: java.util.regex.PatternSyntaxException: Dangling meta character '*' near index 0
*
^
		at java.util.regex.Pattern.error(Pattern.java:1969)
		at java.util.regex.Pattern.sequence(Pattern.java:2137)
		at java.util.regex.Pattern.expr(Pattern.java:2010)
		at java.util.regex.Pattern.compile(Pattern.java:1702)
		at java.util.regex.Pattern.<init>(Pattern.java:1352)
		at java.util.regex.Pattern.compile(Pattern.java:1028)
		at org.apache.catalina.valves.RequestFilterValve.setAllow(RequestFilterValve.java:170)
		... 38 more
13-Feb-2021 19:38:31.549 WARNING [localhost-startStop-2] org.apache.tomcat.util.digester.SetPropertiesRule.begin [SetPropertiesRule]{Context/Valve} Setting property 'allow' to '*' did not find a matching property.
13-Feb-2021 19:38:31.567 SEVERE [localhost-startStop-2] org.apache.catalina.core.ContainerBase.addChildInternal ContainerBase.addChild: start: 
	org.apache.catalina.LifecycleException: One or more invalid configuration settings were provided for the Remote[Addr|Host]Valve which prevented the Valve and its parent containers from starting
		at org.apache.catalina.valves.RequestFilterValve.initInternal(RequestFilterValve.java:317)
		at org.apache.catalina.util.LifecycleBase.init(LifecycleBase.java:136)
		at org.apache.catalina.util.LifecycleBase.start(LifecycleBase.java:173)
		at org.apache.catalina.core.StandardPipeline.startInternal(StandardPipeline.java:176)
		at org.apache.catalina.util.LifecycleBase.start(LifecycleBase.java:183)
		at org.apache.catalina.core.StandardContext.startInternal(StandardContext.java:5075)
		at org.apache.catalina.util.LifecycleBase.start(LifecycleBase.java:183)
		at org.apache.catalina.core.ContainerBase.addChildInternal(ContainerBase.java:743)
		at org.apache.catalina.core.ContainerBase.addChild(ContainerBase.java:719)
		at org.apache.catalina.core.StandardHost.addChild(StandardHost.java:705)
		at org.apache.catalina.startup.HostConfig.deployDirectory(HostConfig.java:1125)
		at org.apache.catalina.startup.HostConfig$DeployDirectory.run(HostConfig.java:1859)
		at java.util.concurrent.Executors$RunnableAdapter.call(Executors.java:511)
		at java.util.concurrent.FutureTask.run(FutureTask.java:266)
		at java.util.concurrent.ThreadPoolExecutor.runWorker(ThreadPoolExecutor.java:1149)
		at java.util.concurrent.ThreadPoolExecutor$Worker.run(ThreadPoolExecutor.java:624)
		at java.lang.Thread.run(Thread.java:748)
13-Feb-2021 19:38:31.568 SEVERE [localhost-startStop-2] org.apache.catalina.startup.HostConfig.deployDirectory Error deploying web application directory [/home/orbite/devops/apache-tomcat-8.5.50/webapps/manager]
	java.lang.IllegalStateException: ContainerBase.addChild: start: org.apache.catalina.LifecycleException: One or more invalid configuration settings were provided for the Remote[Addr|Host]Valve which prevented the Valve and its parent containers from starting
		at org.apache.catalina.core.ContainerBase.addChildInternal(ContainerBase.java:747)
		at org.apache.catalina.core.ContainerBase.addChild(ContainerBase.java:719)
		at org.apache.catalina.core.StandardHost.addChild(StandardHost.java:705)
		at org.apache.catalina.startup.HostConfig.deployDirectory(HostConfig.java:1125)
		at org.apache.catalina.startup.HostConfig$DeployDirectory.run(HostConfig.java:1859)
		at java.util.concurrent.Executors$RunnableAdapter.call(Executors.java:511)
		at java.util.concurrent.FutureTask.run(FutureTask.java:266)
		at java.util.concurrent.ThreadPoolExecutor.runWorker(ThreadPoolExecutor.java:1149)
		at java.util.concurrent.ThreadPoolExecutor$Worker.run(ThreadPoolExecutor.java:624)
		at java.lang.Thread.run(Thread.java:748)
13-Feb-2021 19:38:31.568 INFO [localhost-startStop-2] org.apache.catalina.startup.HostConfig.deployDirectory Deployment of web application directory [/home/orbite/devops/apache-tomcat-8.5.50/webapps/manager] has finished in [26] ms
13-Feb-2021 19:38:41.571 INFO [ContainerBackgroundProcessor[StandardEngine[Catalina]]] org.apache.catalina.startup.HostConfig.undeploy Undeploying context [/manager]
13-Feb-2021 19:38:41.586 INFO [localhost-startStop-3] org.apache.catalina.startup.HostConfig.deployDirectory Deploying web application directory [/home/orbite/devops/apache-tomcat-8.5.50/webapps/manager]
13-Feb-2021 19:38:41.614 INFO [localhost-startStop-3] org.apache.catalina.startup.HostConfig.deployDirectory Deployment of web application directory [/home/orbite/devops/apache-tomcat-8.5.50/webapps/manager] has finished in [28] ms
13-Feb-2021 19:47:34.333 INFO [Thread-5] org.apache.coyote.AbstractProtocol.pause Pausing ProtocolHandler ["http-nio-8001"]
13-Feb-2021 19:47:34.535 INFO [Thread-5] org.apache.coyote.AbstractProtocol.pause Pausing ProtocolHandler ["ajp-nio-8009"]
13-Feb-2021 19:47:34.541 INFO [Thread-5] org.apache.catalina.core.StandardService.stopInternal Stopping service [Catalina]
13-Feb-2021 19:47:34.642 INFO [Thread-5] org.apache.coyote.AbstractProtocol.stop Stopping ProtocolHandler ["http-nio-8001"]
13-Feb-2021 19:47:34.659 INFO [Thread-5] org.apache.coyote.AbstractProtocol.stop Stopping ProtocolHandler ["ajp-nio-8009"]
13-Feb-2021 19:47:34.668 INFO [Thread-5] org.apache.coyote.AbstractProtocol.destroy Destroying ProtocolHandler ["http-nio-8001"]
13-Feb-2021 19:47:34.671 INFO [Thread-5] org.apache.coyote.AbstractProtocol.destroy Destroying ProtocolHandler ["ajp-nio-8009"]
13-Feb-2021 20:01:30.135 INFO [main] org.apache.catalina.startup.VersionLoggerListener.log Server version name:   Apache Tomcat/8.5.50
13-Feb-2021 20:01:30.205 INFO [main] org.apache.catalina.startup.VersionLoggerListener.log Server built:          Dec 7 2019 19:19:46 UTC
13-Feb-2021 20:01:30.205 INFO [main] org.apache.catalina.startup.VersionLoggerListener.log Server version number: 8.5.50.0
13-Feb-2021 20:01:30.205 INFO [main] org.apache.catalina.startup.VersionLoggerListener.log OS Name:               Linux
13-Feb-2021 20:01:30.205 INFO [main] org.apache.catalina.startup.VersionLoggerListener.log OS Version:            5.4.0-65-generic
13-Feb-2021 20:01:30.205 INFO [main] org.apache.catalina.startup.VersionLoggerListener.log Architecture:          amd64
13-Feb-2021 20:01:30.206 INFO [main] org.apache.catalina.startup.VersionLoggerListener.log Java Home:             /usr/lib/jvm/jdk1.8.0_281/jre
13-Feb-2021 20:01:30.206 INFO [main] org.apache.catalina.startup.VersionLoggerListener.log JVM Version:           1.8.0_281-b09
13-Feb-2021 20:01:30.206 INFO [main] org.apache.catalina.startup.VersionLoggerListener.log JVM Vendor:            Oracle Corporation
13-Feb-2021 20:01:30.207 INFO [main] org.apache.catalina.startup.VersionLoggerListener.log CATALINA_BASE:         /home/orbite/devops/apache-tomcat-8.5.50
13-Feb-2021 20:01:30.207 INFO [main] org.apache.catalina.startup.VersionLoggerListener.log CATALINA_HOME:         /home/orbite/devops/apache-tomcat-8.5.50
13-Feb-2021 20:01:30.208 INFO [main] org.apache.catalina.startup.VersionLoggerListener.log Command line argument: -Djava.util.logging.config.file=/home/orbite/devops/apache-tomcat-8.5.50/conf/logging.properties
13-Feb-2021 20:01:30.208 INFO [main] org.apache.catalina.startup.VersionLoggerListener.log Command line argument: -Djava.util.logging.manager=org.apache.juli.ClassLoaderLogManager
13-Feb-2021 20:01:30.208 INFO [main] org.apache.catalina.startup.VersionLoggerListener.log Command line argument: -Djdk.tls.ephemeralDHKeySize=2048
13-Feb-2021 20:01:30.208 INFO [main] org.apache.catalina.startup.VersionLoggerListener.log Command line argument: -Djava.protocol.handler.pkgs=org.apache.catalina.webresources
13-Feb-2021 20:01:30.209 INFO [main] org.apache.catalina.startup.VersionLoggerListener.log Command line argument: -Dorg.apache.catalina.security.SecurityListener.UMASK=0027
13-Feb-2021 20:01:30.209 INFO [main] org.apache.catalina.startup.VersionLoggerListener.log Command line argument: -Dignore.endorsed.dirs=
13-Feb-2021 20:01:30.209 INFO [main] org.apache.catalina.startup.VersionLoggerListener.log Command line argument: -Dcatalina.base=/home/orbite/devops/apache-tomcat-8.5.50
13-Feb-2021 20:01:30.210 INFO [main] org.apache.catalina.startup.VersionLoggerListener.log Command line argument: -Dcatalina.home=/home/orbite/devops/apache-tomcat-8.5.50
13-Feb-2021 20:01:30.210 INFO [main] org.apache.catalina.startup.VersionLoggerListener.log Command line argument: -Djava.io.tmpdir=/home/orbite/devops/apache-tomcat-8.5.50/temp
13-Feb-2021 20:01:30.210 INFO [main] org.apache.catalina.core.AprLifecycleListener.lifecycleEvent The APR based Apache Tomcat Native library which allows optimal performance in production environments was not found on the java.library.path: [/usr/java/packages/lib/amd64:/usr/lib64:/lib64:/lib:/usr/lib]
13-Feb-2021 20:01:31.233 INFO [main] org.apache.coyote.AbstractProtocol.init Initializing ProtocolHandler ["http-nio-8001"]
13-Feb-2021 20:01:31.314 INFO [main] org.apache.tomcat.util.net.NioSelectorPool.getSharedSelector Using a shared selector for servlet write/read
13-Feb-2021 20:01:31.352 INFO [main] org.apache.coyote.AbstractProtocol.init Initializing ProtocolHandler ["ajp-nio-8009"]
13-Feb-2021 20:01:31.356 INFO [main] org.apache.tomcat.util.net.NioSelectorPool.getSharedSelector Using a shared selector for servlet write/read
13-Feb-2021 20:01:31.358 INFO [main] org.apache.catalina.startup.Catalina.load Initialization processed in 2970 ms
13-Feb-2021 20:01:31.500 INFO [main] org.apache.catalina.core.StandardService.startInternal Starting service [Catalina]
13-Feb-2021 20:01:31.500 INFO [main] org.apache.catalina.core.StandardEngine.startInternal Starting Servlet Engine: Apache Tomcat/8.5.50
13-Feb-2021 20:01:31.549 INFO [localhost-startStop-1] org.apache.catalina.startup.HostConfig.deployDirectory Deploying web application directory [/home/orbite/devops/apache-tomcat-8.5.50/webapps/examples]
13-Feb-2021 20:01:32.684 INFO [localhost-startStop-1] org.apache.catalina.startup.HostConfig.deployDirectory Deployment of web application directory [/home/orbite/devops/apache-tomcat-8.5.50/webapps/examples] has finished in [1,134] ms
13-Feb-2021 20:01:32.684 INFO [localhost-startStop-1] org.apache.catalina.startup.HostConfig.deployDirectory Deploying web application directory [/home/orbite/devops/apache-tomcat-8.5.50/webapps/docs]
13-Feb-2021 20:01:32.739 INFO [localhost-startStop-1] org.apache.catalina.startup.HostConfig.deployDirectory Deployment of web application directory [/home/orbite/devops/apache-tomcat-8.5.50/webapps/docs] has finished in [55] ms
13-Feb-2021 20:01:32.740 INFO [localhost-startStop-1] org.apache.catalina.startup.HostConfig.deployDirectory Deploying web application directory [/home/orbite/devops/apache-tomcat-8.5.50/webapps/ROOT]
13-Feb-2021 20:01:32.757 INFO [localhost-startStop-1] org.apache.catalina.startup.HostConfig.deployDirectory Deployment of web application directory [/home/orbite/devops/apache-tomcat-8.5.50/webapps/ROOT] has finished in [17] ms
13-Feb-2021 20:01:32.757 INFO [localhost-startStop-1] org.apache.catalina.startup.HostConfig.deployDirectory Deploying web application directory [/home/orbite/devops/apache-tomcat-8.5.50/webapps/manager]
13-Feb-2021 20:01:32.940 INFO [localhost-startStop-1] org.apache.catalina.startup.HostConfig.deployDirectory Deployment of web application directory [/home/orbite/devops/apache-tomcat-8.5.50/webapps/manager] has finished in [182] ms
13-Feb-2021 20:01:32.940 INFO [localhost-startStop-1] org.apache.catalina.startup.HostConfig.deployDirectory Deploying web application directory [/home/orbite/devops/apache-tomcat-8.5.50/webapps/host-manager]
13-Feb-2021 20:01:32.961 INFO [localhost-startStop-1] org.apache.catalina.startup.HostConfig.deployDirectory Deployment of web application directory [/home/orbite/devops/apache-tomcat-8.5.50/webapps/host-manager] has finished in [21] ms
13-Feb-2021 20:01:32.968 INFO [main] org.apache.coyote.AbstractProtocol.start Starting ProtocolHandler ["http-nio-8001"]
13-Feb-2021 20:01:32.978 INFO [main] org.apache.coyote.AbstractProtocol.start Starting ProtocolHandler ["ajp-nio-8009"]
13-Feb-2021 20:01:32.982 INFO [main] org.apache.catalina.startup.Catalina.start Server startup in 1623 ms
13-Feb-2021 20:57:18.965 INFO [Thread-5] org.apache.coyote.AbstractProtocol.pause Pausing ProtocolHandler ["http-nio-8001"]
13-Feb-2021 20:57:19.283 INFO [Thread-5] org.apache.coyote.AbstractProtocol.pause Pausing ProtocolHandler ["ajp-nio-8009"]
13-Feb-2021 20:57:19.289 INFO [Thread-5] org.apache.catalina.core.StandardService.stopInternal Stopping service [Catalina]
13-Feb-2021 20:57:19.409 INFO [Thread-5] org.apache.coyote.AbstractProtocol.stop Stopping ProtocolHandler ["http-nio-8001"]
13-Feb-2021 20:57:19.413 INFO [Thread-5] org.apache.coyote.AbstractProtocol.stop Stopping ProtocolHandler ["ajp-nio-8009"]
13-Feb-2021 20:57:19.425 INFO [Thread-5] org.apache.coyote.AbstractProtocol.destroy Destroying ProtocolHandler ["http-nio-8001"]
13-Feb-2021 20:57:19.427 INFO [Thread-5] org.apache.coyote.AbstractProtocol.destroy Destroying ProtocolHandler ["ajp-nio-8009"]
14-Feb-2021 13:11:26.220 INFO [main] org.apache.catalina.startup.VersionLoggerListener.log Server version name:   Apache Tomcat/8.5.50
14-Feb-2021 13:11:26.311 INFO [main] org.apache.catalina.startup.VersionLoggerListener.log Server built:          Dec 7 2019 19:19:46 UTC
14-Feb-2021 13:11:26.312 INFO [main] org.apache.catalina.startup.VersionLoggerListener.log Server version number: 8.5.50.0
14-Feb-2021 13:11:26.312 INFO [main] org.apache.catalina.startup.VersionLoggerListener.log OS Name:               Linux
14-Feb-2021 13:11:26.312 INFO [main] org.apache.catalina.startup.VersionLoggerListener.log OS Version:            5.4.0-65-generic
14-Feb-2021 13:11:26.313 INFO [main] org.apache.catalina.startup.VersionLoggerListener.log Architecture:          amd64
14-Feb-2021 13:11:26.313 INFO [main] org.apache.catalina.startup.VersionLoggerListener.log Java Home:             /usr/lib/jvm/jdk1.8.0_281/jre
14-Feb-2021 13:11:26.313 INFO [main] org.apache.catalina.startup.VersionLoggerListener.log JVM Version:           1.8.0_281-b09
14-Feb-2021 13:11:26.314 INFO [main] org.apache.catalina.startup.VersionLoggerListener.log JVM Vendor:            Oracle Corporation
14-Feb-2021 13:11:26.314 INFO [main] org.apache.catalina.startup.VersionLoggerListener.log CATALINA_BASE:         /home/orbite/devops/apache-tomcat-8.5.50
14-Feb-2021 13:11:26.314 INFO [main] org.apache.catalina.startup.VersionLoggerListener.log CATALINA_HOME:         /home/orbite/devops/apache-tomcat-8.5.50
14-Feb-2021 13:11:26.315 INFO [main] org.apache.catalina.startup.VersionLoggerListener.log Command line argument: -Djava.util.logging.config.file=/home/orbite/devops/apache-tomcat-8.5.50/conf/logging.properties
14-Feb-2021 13:11:26.315 INFO [main] org.apache.catalina.startup.VersionLoggerListener.log Command line argument: -Djava.util.logging.manager=org.apache.juli.ClassLoaderLogManager
14-Feb-2021 13:11:26.316 INFO [main] org.apache.catalina.startup.VersionLoggerListener.log Command line argument: -Djdk.tls.ephemeralDHKeySize=2048
14-Feb-2021 13:11:26.316 INFO [main] org.apache.catalina.startup.VersionLoggerListener.log Command line argument: -Djava.protocol.handler.pkgs=org.apache.catalina.webresources
14-Feb-2021 13:11:26.316 INFO [main] org.apache.catalina.startup.VersionLoggerListener.log Command line argument: -Dorg.apache.catalina.security.SecurityListener.UMASK=0027
14-Feb-2021 13:11:26.316 INFO [main] org.apache.catalina.startup.VersionLoggerListener.log Command line argument: -Dignore.endorsed.dirs=
14-Feb-2021 13:11:26.317 INFO [main] org.apache.catalina.startup.VersionLoggerListener.log Command line argument: -Dcatalina.base=/home/orbite/devops/apache-tomcat-8.5.50
14-Feb-2021 13:11:26.317 INFO [main] org.apache.catalina.startup.VersionLoggerListener.log Command line argument: -Dcatalina.home=/home/orbite/devops/apache-tomcat-8.5.50
14-Feb-2021 13:11:26.317 INFO [main] org.apache.catalina.startup.VersionLoggerListener.log Command line argument: -Djava.io.tmpdir=/home/orbite/devops/apache-tomcat-8.5.50/temp
14-Feb-2021 13:11:26.318 INFO [main] org.apache.catalina.core.AprLifecycleListener.lifecycleEvent The APR based Apache Tomcat Native library which allows optimal performance in production environments was not found on the java.library.path: [/usr/java/packages/lib/amd64:/usr/lib64:/lib64:/lib:/usr/lib]
14-Feb-2021 13:11:27.362 INFO [main] org.apache.coyote.AbstractProtocol.init Initializing ProtocolHandler ["http-nio-8001"]
14-Feb-2021 13:11:27.442 INFO [main] org.apache.tomcat.util.net.NioSelectorPool.getSharedSelector Using a shared selector for servlet write/read
14-Feb-2021 13:11:27.485 INFO [main] org.apache.coyote.AbstractProtocol.init Initializing ProtocolHandler ["ajp-nio-8009"]
14-Feb-2021 13:11:27.487 INFO [main] org.apache.tomcat.util.net.NioSelectorPool.getSharedSelector Using a shared selector for servlet write/read
14-Feb-2021 13:11:27.488 INFO [main] org.apache.catalina.startup.Catalina.load Initialization processed in 3106 ms
14-Feb-2021 13:11:27.720 INFO [main] org.apache.catalina.core.StandardService.startInternal Starting service [Catalina]
14-Feb-2021 13:11:27.721 INFO [main] org.apache.catalina.core.StandardEngine.startInternal Starting Servlet Engine: Apache Tomcat/8.5.50
14-Feb-2021 13:11:28.032 INFO [localhost-startStop-1] org.apache.catalina.startup.HostConfig.deployDirectory Deploying web application directory [/home/orbite/devops/apache-tomcat-8.5.50/webapps/examples]
14-Feb-2021 13:11:31.968 WARNING [localhost-startStop-1] org.apache.catalina.util.SessionIdGeneratorBase.createSecureRandom Creation of SecureRandom instance for session ID generation using [SHA1PRNG] took [124] milliseconds.
14-Feb-2021 13:11:32.172 INFO [localhost-startStop-1] org.apache.catalina.startup.HostConfig.deployDirectory Deployment of web application directory [/home/orbite/devops/apache-tomcat-8.5.50/webapps/examples] has finished in [4,141] ms
14-Feb-2021 13:11:32.172 INFO [localhost-startStop-1] org.apache.catalina.startup.HostConfig.deployDirectory Deploying web application directory [/home/orbite/devops/apache-tomcat-8.5.50/webapps/docs]
14-Feb-2021 13:11:32.255 INFO [localhost-startStop-1] org.apache.catalina.startup.HostConfig.deployDirectory Deployment of web application directory [/home/orbite/devops/apache-tomcat-8.5.50/webapps/docs] has finished in [83] ms
14-Feb-2021 13:11:32.255 INFO [localhost-startStop-1] org.apache.catalina.startup.HostConfig.deployDirectory Deploying web application directory [/home/orbite/devops/apache-tomcat-8.5.50/webapps/ROOT]
14-Feb-2021 13:11:32.346 INFO [localhost-startStop-1] org.apache.catalina.startup.HostConfig.deployDirectory Deployment of web application directory [/home/orbite/devops/apache-tomcat-8.5.50/webapps/ROOT] has finished in [91] ms
14-Feb-2021 13:11:32.346 INFO [localhost-startStop-1] org.apache.catalina.startup.HostConfig.deployDirectory Deploying web application directory [/home/orbite/devops/apache-tomcat-8.5.50/webapps/manager]
14-Feb-2021 13:11:32.577 INFO [localhost-startStop-1] org.apache.catalina.startup.HostConfig.deployDirectory Deployment of web application directory [/home/orbite/devops/apache-tomcat-8.5.50/webapps/manager] has finished in [231] ms
14-Feb-2021 13:11:32.577 INFO [localhost-startStop-1] org.apache.catalina.startup.HostConfig.deployDirectory Deploying web application directory [/home/orbite/devops/apache-tomcat-8.5.50/webapps/host-manager]
14-Feb-2021 13:11:32.696 INFO [localhost-startStop-1] org.apache.catalina.startup.HostConfig.deployDirectory Deployment of web application directory [/home/orbite/devops/apache-tomcat-8.5.50/webapps/host-manager] has finished in [119] ms
14-Feb-2021 13:11:32.701 INFO [main] org.apache.coyote.AbstractProtocol.start Starting ProtocolHandler ["http-nio-8001"]
14-Feb-2021 13:11:32.709 INFO [main] org.apache.coyote.AbstractProtocol.start Starting ProtocolHandler ["ajp-nio-8009"]
14-Feb-2021 13:11:32.712 INFO [main] org.apache.catalina.startup.Catalina.start Server startup in 5223 ms
