14-Feb-2021 17:29:30.407 INFO [localhost-startStop-1] org.apache.catalina.core.ApplicationContext.log ContextListener: contextInitialized()
14-Feb-2021 17:29:30.407 INFO [localhost-startStop-1] org.apache.catalina.core.ApplicationContext.log SessionListener: contextInitialized()
14-Feb-2021 17:29:30.410 INFO [localhost-startStop-1] org.apache.catalina.core.ApplicationContext.log ContextListener: attributeAdded('StockTicker', 'async.Stockticker@22c60b0c')
14-Feb-2021 17:29:30.649 INFO [localhost-startStop-1] org.apache.catalina.core.ApplicationContext.log SessionListener: contextDestroyed()
14-Feb-2021 17:29:30.650 INFO [localhost-startStop-1] org.apache.catalina.core.ApplicationContext.log ContextListener: contextDestroyed()
14-Feb-2021 17:39:12.318 INFO [localhost-startStop-1] org.apache.catalina.core.ApplicationContext.log 3 Spring WebApplicationInitializers detected on classpath
14-Feb-2021 17:39:14.934 INFO [localhost-startStop-1] org.apache.catalina.core.ApplicationContext.log Initializing Spring embedded WebApplicationContext
14-Feb-2021 17:39:16.268 INFO [localhost-startStop-1] org.apache.catalina.core.ApplicationContext.log Initializing Spring embedded WebApplicationContext
14-Feb-2021 17:39:16.621 INFO [localhost-startStop-1] org.apache.catalina.core.ApplicationContext.log ContextListener: contextInitialized()
14-Feb-2021 17:39:16.622 INFO [localhost-startStop-1] org.apache.catalina.core.ApplicationContext.log SessionListener: contextInitialized()
14-Feb-2021 17:39:16.623 INFO [localhost-startStop-1] org.apache.catalina.core.ApplicationContext.log ContextListener: attributeAdded('StockTicker', 'async.Stockticker@3a29841f')
14-Feb-2021 17:40:13.244 INFO [http-nio-8001-exec-2] org.apache.catalina.core.ApplicationContext.log 2 Spring WebApplicationInitializers detected on classpath
14-Feb-2021 17:40:15.960 INFO [http-nio-8001-exec-2] org.apache.catalina.core.ApplicationContext.log Initializing Spring embedded WebApplicationContext
14-Feb-2021 17:40:24.124 INFO [http-nio-8001-exec-3] org.apache.catalina.core.ApplicationContext.log Closing Spring root WebApplicationContext
14-Feb-2021 17:41:02.635 INFO [http-nio-8001-exec-9] org.apache.catalina.core.ApplicationContext.log 2 Spring WebApplicationInitializers detected on classpath
14-Feb-2021 17:41:04.910 INFO [http-nio-8001-exec-9] org.apache.catalina.core.ApplicationContext.log Initializing Spring embedded WebApplicationContext
14-Feb-2021 17:41:17.531 INFO [http-nio-8001-exec-5] org.apache.catalina.core.ApplicationContext.log Closing Spring root WebApplicationContext
14-Feb-2021 17:43:02.206 INFO [http-nio-8001-exec-17] org.apache.catalina.core.ApplicationContext.log 2 Spring WebApplicationInitializers detected on classpath
14-Feb-2021 17:43:04.270 INFO [http-nio-8001-exec-17] org.apache.catalina.core.ApplicationContext.log Initializing Spring embedded WebApplicationContext
14-Feb-2021 17:43:20.564 INFO [http-nio-8001-exec-18] org.apache.catalina.core.ApplicationContext.log Closing Spring root WebApplicationContext
14-Feb-2021 17:44:08.507 INFO [http-nio-8001-exec-25] org.apache.catalina.core.ApplicationContext.log 2 Spring WebApplicationInitializers detected on classpath
14-Feb-2021 17:44:10.829 INFO [http-nio-8001-exec-25] org.apache.catalina.core.ApplicationContext.log Initializing Spring embedded WebApplicationContext
14-Feb-2021 17:44:18.201 INFO [http-nio-8001-exec-22] org.apache.catalina.core.ApplicationContext.log Closing Spring root WebApplicationContext
14-Feb-2021 17:48:02.345 INFO [http-nio-8001-exec-30] org.apache.catalina.core.ApplicationContext.log 2 Spring WebApplicationInitializers detected on classpath
14-Feb-2021 17:48:04.351 INFO [http-nio-8001-exec-30] org.apache.catalina.core.ApplicationContext.log Initializing Spring embedded WebApplicationContext
14-Feb-2021 17:48:18.473 INFO [http-nio-8001-exec-31] org.apache.catalina.core.ApplicationContext.log Closing Spring root WebApplicationContext
14-Feb-2021 17:49:30.281 INFO [http-nio-8001-exec-42] org.apache.catalina.core.ApplicationContext.log 2 Spring WebApplicationInitializers detected on classpath
14-Feb-2021 17:49:32.686 INFO [http-nio-8001-exec-42] org.apache.catalina.core.ApplicationContext.log Initializing Spring embedded WebApplicationContext
14-Feb-2021 17:53:26.256 INFO [http-nio-8001-exec-46] org.apache.catalina.core.ApplicationContext.log Closing Spring root WebApplicationContext
14-Feb-2021 17:53:26.262 INFO [http-nio-8001-exec-46] org.apache.catalina.core.ApplicationContext.log Closing Spring root WebApplicationContext
14-Feb-2021 17:55:26.932 INFO [http-nio-8001-exec-49] org.apache.catalina.core.ApplicationContext.log 3 Spring WebApplicationInitializers detected on classpath
14-Feb-2021 17:55:28.389 INFO [http-nio-8001-exec-49] org.apache.catalina.core.ApplicationContext.log Initializing Spring embedded WebApplicationContext
14-Feb-2021 17:55:29.349 INFO [http-nio-8001-exec-49] org.apache.catalina.core.ApplicationContext.log Initializing Spring embedded WebApplicationContext
14-Feb-2021 17:55:35.022 INFO [http-nio-8001-exec-50] org.apache.catalina.core.ApplicationContext.log Closing Spring root WebApplicationContext
14-Feb-2021 17:55:35.029 INFO [http-nio-8001-exec-50] org.apache.catalina.core.ApplicationContext.log Closing Spring root WebApplicationContext
14-Feb-2021 17:55:55.266 INFO [http-nio-8001-exec-39] org.apache.catalina.core.ApplicationContext.log 3 Spring WebApplicationInitializers detected on classpath
14-Feb-2021 17:55:57.197 INFO [http-nio-8001-exec-39] org.apache.catalina.core.ApplicationContext.log Initializing Spring embedded WebApplicationContext
14-Feb-2021 17:55:58.318 INFO [http-nio-8001-exec-39] org.apache.catalina.core.ApplicationContext.log Initializing Spring embedded WebApplicationContext
14-Feb-2021 17:56:19.590 INFO [http-nio-8001-exec-59] org.apache.catalina.core.ApplicationContext.log Initializing Spring DispatcherServlet 'dispatcherServlet'
14-Feb-2021 17:56:19.710 INFO [http-nio-8001-exec-49] org.apache.catalina.core.ApplicationContext.log Initializing Spring DispatcherServlet 'dispatcherServlet'
14-Feb-2021 18:03:07.367 INFO [http-nio-8001-exec-60] org.apache.catalina.core.ApplicationContext.log Destroying Spring FrameworkServlet 'dispatcherServlet'
14-Feb-2021 18:03:07.370 INFO [http-nio-8001-exec-60] org.apache.catalina.core.ApplicationContext.log Closing Spring root WebApplicationContext
14-Feb-2021 18:03:07.376 INFO [http-nio-8001-exec-60] org.apache.catalina.core.ApplicationContext.log Closing Spring root WebApplicationContext
14-Feb-2021 18:03:08.963 INFO [http-nio-8001-exec-58] org.apache.catalina.core.ApplicationContext.log 3 Spring WebApplicationInitializers detected on classpath
14-Feb-2021 18:03:10.535 INFO [http-nio-8001-exec-58] org.apache.catalina.core.ApplicationContext.log Initializing Spring embedded WebApplicationContext
14-Feb-2021 18:03:11.448 INFO [http-nio-8001-exec-58] org.apache.catalina.core.ApplicationContext.log Initializing Spring embedded WebApplicationContext
