14-Feb-2021 17:39:16.861 INFO [http-nio-8001-exec-1] org.apache.catalina.core.ApplicationContext.log HTMLManager: init: Associated with Deployer 'Catalina:type=Deployer,host=localhost'
14-Feb-2021 17:39:16.861 INFO [http-nio-8001-exec-1] org.apache.catalina.core.ApplicationContext.log HTMLManager: init: Global resources are available
14-Feb-2021 17:39:16.871 INFO [http-nio-8001-exec-1] org.apache.catalina.core.ApplicationContext.log HTMLManager: list: Listing contexts for virtual host 'localhost'
14-Feb-2021 17:39:41.072 INFO [http-nio-8001-exec-6] org.apache.catalina.core.ApplicationContext.log HTMLManager: list: Listing contexts for virtual host 'localhost'
14-Feb-2021 17:40:19.622 INFO [http-nio-8001-exec-2] org.apache.catalina.core.ApplicationContext.log HTMLManager: list: Listing contexts for virtual host 'localhost'
14-Feb-2021 17:40:24.114 INFO [http-nio-8001-exec-3] org.apache.catalina.core.ApplicationContext.log HTMLManager: undeploy: Undeploying web application at '/tasks-backend'
14-Feb-2021 17:40:24.707 INFO [http-nio-8001-exec-3] org.apache.catalina.core.ApplicationContext.log HTMLManager: list: Listing contexts for virtual host 'localhost'
14-Feb-2021 17:41:00.626 INFO [http-nio-8001-exec-1] org.apache.catalina.core.ApplicationContext.log Manager: init: Associated with Deployer 'Catalina:type=Deployer,host=localhost'
14-Feb-2021 17:41:00.626 INFO [http-nio-8001-exec-1] org.apache.catalina.core.ApplicationContext.log Manager: init: Global resources are available
14-Feb-2021 17:41:00.626 INFO [http-nio-8001-exec-1] org.apache.catalina.core.ApplicationContext.log Manager: list: Listing contexts for virtual host 'localhost'
14-Feb-2021 17:41:00.644 INFO [http-nio-8001-exec-9] org.apache.catalina.core.ApplicationContext.log Manager: deploy: Deploying web application '/tasks-backend'
14-Feb-2021 17:41:00.644 INFO [http-nio-8001-exec-9] org.apache.catalina.core.ApplicationContext.log Manager: Uploading WAR file to /home/orbite/devops/apache-tomcat-8.5.50/webapps/tasks-backend.war
14-Feb-2021 17:41:17.525 INFO [http-nio-8001-exec-5] org.apache.catalina.core.ApplicationContext.log HTMLManager: undeploy: Undeploying web application at '/tasks-backend'
14-Feb-2021 17:41:18.088 INFO [http-nio-8001-exec-5] org.apache.catalina.core.ApplicationContext.log HTMLManager: list: Listing contexts for virtual host 'localhost'
14-Feb-2021 17:41:23.046 INFO [http-nio-8001-exec-14] org.apache.catalina.core.ApplicationContext.log HTMLManager: undeploy: Undeploying web application at '/tasks-backend'
14-Feb-2021 17:41:23.046 INFO [http-nio-8001-exec-14] org.apache.catalina.core.ApplicationContext.log HTMLManager: list: Listing contexts for virtual host 'localhost'
14-Feb-2021 17:43:00.412 INFO [http-nio-8001-exec-16] org.apache.catalina.core.ApplicationContext.log Manager: list: Listing contexts for virtual host 'localhost'
14-Feb-2021 17:43:00.418 INFO [http-nio-8001-exec-17] org.apache.catalina.core.ApplicationContext.log Manager: deploy: Deploying web application '/tasks-backend'
14-Feb-2021 17:43:00.418 INFO [http-nio-8001-exec-17] org.apache.catalina.core.ApplicationContext.log Manager: Uploading WAR file to /home/orbite/devops/apache-tomcat-8.5.50/webapps/tasks-backend.war
14-Feb-2021 17:43:20.559 INFO [http-nio-8001-exec-18] org.apache.catalina.core.ApplicationContext.log HTMLManager: undeploy: Undeploying web application at '/tasks-backend'
14-Feb-2021 17:43:21.134 INFO [http-nio-8001-exec-18] org.apache.catalina.core.ApplicationContext.log HTMLManager: list: Listing contexts for virtual host 'localhost'
14-Feb-2021 17:43:27.151 INFO [http-nio-8001-exec-12] org.apache.catalina.core.ApplicationContext.log HTMLManager: undeploy: Undeploying web application at '/tasks-backend'
14-Feb-2021 17:43:27.151 INFO [http-nio-8001-exec-12] org.apache.catalina.core.ApplicationContext.log HTMLManager: list: Listing contexts for virtual host 'localhost'
14-Feb-2021 17:43:32.923 INFO [http-nio-8001-exec-17] org.apache.catalina.core.ApplicationContext.log HTMLManager: list: Listing contexts for virtual host 'localhost'
14-Feb-2021 17:43:37.971 INFO [http-nio-8001-exec-23] org.apache.catalina.core.ApplicationContext.log HTMLManager: list: Listing contexts for virtual host 'localhost'
14-Feb-2021 17:44:13.863 INFO [http-nio-8001-exec-25] org.apache.catalina.core.ApplicationContext.log HTMLManager: list: Listing contexts for virtual host 'localhost'
14-Feb-2021 17:44:18.196 INFO [http-nio-8001-exec-22] org.apache.catalina.core.ApplicationContext.log HTMLManager: undeploy: Undeploying web application at '/tasks-backend'
14-Feb-2021 17:44:18.764 INFO [http-nio-8001-exec-22] org.apache.catalina.core.ApplicationContext.log HTMLManager: list: Listing contexts for virtual host 'localhost'
14-Feb-2021 17:45:20.235 INFO [http-nio-8001-exec-30] org.apache.catalina.core.ApplicationContext.log HTMLManager: undeploy: Undeploying web application at '/tasks-backend'
14-Feb-2021 17:45:20.235 INFO [http-nio-8001-exec-30] org.apache.catalina.core.ApplicationContext.log HTMLManager: list: Listing contexts for virtual host 'localhost'
14-Feb-2021 17:48:00.557 INFO [http-nio-8001-exec-33] org.apache.catalina.core.ApplicationContext.log Manager: list: Listing contexts for virtual host 'localhost'
14-Feb-2021 17:48:00.561 INFO [http-nio-8001-exec-30] org.apache.catalina.core.ApplicationContext.log Manager: deploy: Deploying web application '/tasks-backend'
14-Feb-2021 17:48:00.561 INFO [http-nio-8001-exec-30] org.apache.catalina.core.ApplicationContext.log Manager: Uploading WAR file to /home/orbite/devops/apache-tomcat-8.5.50/webapps/tasks-backend.war
14-Feb-2021 17:48:18.461 INFO [http-nio-8001-exec-31] org.apache.catalina.core.ApplicationContext.log HTMLManager: undeploy: Undeploying web application at '/tasks-backend'
14-Feb-2021 17:48:19.025 INFO [http-nio-8001-exec-31] org.apache.catalina.core.ApplicationContext.log HTMLManager: list: Listing contexts for virtual host 'localhost'
14-Feb-2021 17:49:12.070 INFO [http-nio-8001-exec-34] org.apache.catalina.core.ApplicationContext.log HTMLManager: list: Listing contexts for virtual host 'localhost'
14-Feb-2021 17:49:16.922 INFO [http-nio-8001-exec-35] org.apache.catalina.core.ApplicationContext.log HTMLManager: list: Listing contexts for virtual host 'localhost'
14-Feb-2021 17:49:27.631 INFO [http-nio-8001-exec-39] org.apache.catalina.core.ApplicationContext.log HTMLManager: list: Listing contexts for virtual host 'localhost'
14-Feb-2021 17:49:28.343 INFO [http-nio-8001-exec-40] org.apache.catalina.core.ApplicationContext.log Manager: list: Listing contexts for virtual host 'localhost'
14-Feb-2021 17:49:28.346 INFO [http-nio-8001-exec-42] org.apache.catalina.core.ApplicationContext.log Manager: deploy: Deploying web application '/tasks-backend'
14-Feb-2021 17:49:28.346 INFO [http-nio-8001-exec-42] org.apache.catalina.core.ApplicationContext.log Manager: Uploading WAR file to /home/orbite/devops/apache-tomcat-8.5.50/webapps/tasks-backend.war
14-Feb-2021 17:49:28.399 INFO [http-nio-8001-exec-13] org.apache.catalina.core.ApplicationContext.log HTMLManager: list: Listing contexts for virtual host 'localhost'
14-Feb-2021 17:49:28.763 INFO [http-nio-8001-exec-31] org.apache.catalina.core.ApplicationContext.log HTMLManager: list: Listing contexts for virtual host 'localhost'
14-Feb-2021 17:49:29.119 INFO [http-nio-8001-exec-38] org.apache.catalina.core.ApplicationContext.log HTMLManager: list: Listing contexts for virtual host 'localhost'
14-Feb-2021 17:49:29.498 INFO [http-nio-8001-exec-39] org.apache.catalina.core.ApplicationContext.log HTMLManager: list: Listing contexts for virtual host 'localhost'
14-Feb-2021 17:49:30.021 INFO [http-nio-8001-exec-40] org.apache.catalina.core.ApplicationContext.log HTMLManager: list: Listing contexts for virtual host 'localhost'
14-Feb-2021 17:49:30.409 INFO [http-nio-8001-exec-37] org.apache.catalina.core.ApplicationContext.log HTMLManager: list: Listing contexts for virtual host 'localhost'
14-Feb-2021 17:49:31.006 INFO [http-nio-8001-exec-43] org.apache.catalina.core.ApplicationContext.log HTMLManager: list: Listing contexts for virtual host 'localhost'
14-Feb-2021 17:49:31.471 INFO [http-nio-8001-exec-30] org.apache.catalina.core.ApplicationContext.log HTMLManager: list: Listing contexts for virtual host 'localhost'
14-Feb-2021 17:49:31.938 INFO [http-nio-8001-exec-41] org.apache.catalina.core.ApplicationContext.log HTMLManager: list: Listing contexts for virtual host 'localhost'
14-Feb-2021 17:49:43.061 INFO [http-nio-8001-exec-44] org.apache.catalina.core.ApplicationContext.log HTMLManager: list: Listing contexts for virtual host 'localhost'
14-Feb-2021 17:49:43.200 INFO [http-nio-8001-exec-31] org.apache.catalina.core.ApplicationContext.log HTMLManager: list: Listing contexts for virtual host 'localhost'
14-Feb-2021 17:49:43.355 INFO [http-nio-8001-exec-38] org.apache.catalina.core.ApplicationContext.log HTMLManager: list: Listing contexts for virtual host 'localhost'
14-Feb-2021 17:49:43.496 INFO [http-nio-8001-exec-39] org.apache.catalina.core.ApplicationContext.log HTMLManager: list: Listing contexts for virtual host 'localhost'
14-Feb-2021 17:49:43.659 INFO [http-nio-8001-exec-40] org.apache.catalina.core.ApplicationContext.log HTMLManager: list: Listing contexts for virtual host 'localhost'
14-Feb-2021 17:49:43.792 INFO [http-nio-8001-exec-44] org.apache.catalina.core.ApplicationContext.log HTMLManager: list: Listing contexts for virtual host 'localhost'
14-Feb-2021 17:49:43.936 INFO [http-nio-8001-exec-47] org.apache.catalina.core.ApplicationContext.log HTMLManager: list: Listing contexts for virtual host 'localhost'
14-Feb-2021 17:49:44.044 INFO [http-nio-8001-exec-38] org.apache.catalina.core.ApplicationContext.log HTMLManager: list: Listing contexts for virtual host 'localhost'
14-Feb-2021 17:49:44.200 INFO [http-nio-8001-exec-39] org.apache.catalina.core.ApplicationContext.log HTMLManager: list: Listing contexts for virtual host 'localhost'
14-Feb-2021 17:52:42.173 INFO [http-nio-8001-exec-45] org.apache.catalina.core.ApplicationContext.log HTMLManager: list: Listing contexts for virtual host 'localhost'
14-Feb-2021 17:53:26.252 INFO [http-nio-8001-exec-46] org.apache.catalina.core.ApplicationContext.log HTMLManager: undeploy: Undeploying web application at '/tasks'
14-Feb-2021 17:53:26.793 INFO [http-nio-8001-exec-46] org.apache.catalina.core.ApplicationContext.log HTMLManager: list: Listing contexts for virtual host 'localhost'
14-Feb-2021 17:53:30.482 INFO [http-nio-8001-exec-38] org.apache.catalina.core.ApplicationContext.log HTMLManager: undeploy: Undeploying web application at '/tasks'
14-Feb-2021 17:53:30.482 INFO [120] org.apache.catalina.core.ApplicationContext.log HTMLManager: list: Listing contexts for virtual host 'localhost'
14-Feb-2021 17:55:25.851 INFO [http-nio-8001-exec-48] org.apache.catalina.core.ApplicationContext.log Manager: list: Listing contexts for virtual host 'localhost'
14-Feb-2021 17:55:25.854 INFO [http-nio-8001-exec-49] org.apache.catalina.core.ApplicationContext.log Manager: deploy: Deploying web application '/tasks'
14-Feb-2021 17:55:25.854 INFO [http-nio-8001-exec-49] org.apache.catalina.core.ApplicationContext.log Manager: Uploading WAR file to /home/orbite/devops/apache-tomcat-8.5.50/webapps/tasks.war
14-Feb-2021 17:55:35.015 INFO [http-nio-8001-exec-50] org.apache.catalina.core.ApplicationContext.log HTMLManager: undeploy: Undeploying web application at '/tasks'
14-Feb-2021 17:55:35.561 INFO [http-nio-8001-exec-50] org.apache.catalina.core.ApplicationContext.log HTMLManager: list: Listing contexts for virtual host 'localhost'
14-Feb-2021 17:55:38.753 INFO [http-nio-8001-exec-51] org.apache.catalina.core.ApplicationContext.log HTMLManager: undeploy: Undeploying web application at '/tasks'
14-Feb-2021 17:55:38.753 INFO [http-nio-8001-exec-51] org.apache.catalina.core.ApplicationContext.log HTMLManager: list: Listing contexts for virtual host 'localhost'
14-Feb-2021 17:55:54.192 INFO [148] org.apache.catalina.core.ApplicationContext.log Manager: list: Listing contexts for virtual host 'localhost'
14-Feb-2021 17:55:54.202 INFO [http-nio-8001-exec-39] org.apache.catalina.core.ApplicationContext.log Manager: deploy: Deploying web application '/tasks'
14-Feb-2021 17:55:54.202 INFO [http-nio-8001-exec-39] org.apache.catalina.core.ApplicationContext.log Manager: Uploading WAR file to /home/orbite/devops/apache-tomcat-8.5.50/webapps/tasks.war
14-Feb-2021 17:55:57.932 INFO [http-nio-8001-exec-47] org.apache.catalina.core.ApplicationContext.log HTMLManager: undeploy: Undeploying web application at '/tasks'
14-Feb-2021 17:55:57.932 INFO [http-nio-8001-exec-47] org.apache.catalina.core.ApplicationContext.log HTMLManager: list: Listing contexts for virtual host 'localhost'
14-Feb-2021 17:56:02.446 INFO [http-nio-8001-exec-56] org.apache.catalina.core.ApplicationContext.log HTMLManager: list: Listing contexts for virtual host 'localhost'
14-Feb-2021 17:56:36.803 INFO [http-nio-8001-exec-56] org.apache.catalina.core.ApplicationContext.log HTMLManager: list: Listing contexts for virtual host 'localhost'
14-Feb-2021 18:03:07.356 INFO [http-nio-8001-exec-55] org.apache.catalina.core.ApplicationContext.log Manager: list: Listing contexts for virtual host 'localhost'
14-Feb-2021 18:03:07.359 INFO [http-nio-8001-exec-63] org.apache.catalina.core.ApplicationContext.log Manager: list: Listing contexts for virtual host 'localhost'
14-Feb-2021 18:03:07.363 INFO [http-nio-8001-exec-60] org.apache.catalina.core.ApplicationContext.log Manager: undeploy: Undeploying web application at '/tasks'
14-Feb-2021 18:03:07.910 INFO [http-nio-8001-exec-58] org.apache.catalina.core.ApplicationContext.log Manager: deploy: Deploying web application '/tasks'
14-Feb-2021 18:03:07.911 INFO [http-nio-8001-exec-58] org.apache.catalina.core.ApplicationContext.log Manager: Uploading WAR file to /home/orbite/devops/apache-tomcat-8.5.50/webapps/tasks.war
14-Feb-2021 18:48:16.112 INFO [http-nio-8001-exec-65] org.apache.catalina.core.ApplicationContext.log Manager: list: Listing contexts for virtual host 'localhost'
14-Feb-2021 18:48:16.115 INFO [http-nio-8001-exec-66] org.apache.catalina.core.ApplicationContext.log Manager: list: Listing contexts for virtual host 'localhost'
14-Feb-2021 18:48:16.116 INFO [http-nio-8001-exec-67] org.apache.catalina.core.ApplicationContext.log Manager: undeploy: Undeploying web application at '/tasks'
14-Feb-2021 18:48:16.655 INFO [http-nio-8001-exec-74] org.apache.catalina.core.ApplicationContext.log Manager: deploy: Deploying web application '/tasks'
14-Feb-2021 18:48:16.655 INFO [http-nio-8001-exec-74] org.apache.catalina.core.ApplicationContext.log Manager: Uploading WAR file to /home/orbite/devops/apache-tomcat-8.5.50/webapps/tasks.war
14-Feb-2021 18:55:21.748 INFO [http-nio-8001-exec-75] org.apache.catalina.core.ApplicationContext.log HTMLManager: list: Listing contexts for virtual host 'localhost'
14-Feb-2021 18:55:26.985 INFO [http-nio-8001-exec-79] org.apache.catalina.core.ApplicationContext.log HTMLManager: undeploy: Undeploying web application at '/tasks-backend'
14-Feb-2021 18:55:27.540 INFO [http-nio-8001-exec-79] org.apache.catalina.core.ApplicationContext.log HTMLManager: list: Listing contexts for virtual host 'localhost'
14-Feb-2021 18:55:29.562 INFO [http-nio-8001-exec-83] org.apache.catalina.core.ApplicationContext.log HTMLManager: undeploy: Undeploying web application at '/tasks'
14-Feb-2021 18:55:30.104 INFO [http-nio-8001-exec-83] org.apache.catalina.core.ApplicationContext.log HTMLManager: list: Listing contexts for virtual host 'localhost'
14-Feb-2021 18:55:35.229 INFO [http-nio-8001-exec-81] org.apache.catalina.core.ApplicationContext.log HTMLManager: undeploy: Undeploying web application at '/tasks'
14-Feb-2021 18:55:35.230 INFO [http-nio-8001-exec-81] org.apache.catalina.core.ApplicationContext.log HTMLManager: list: Listing contexts for virtual host 'localhost'
14-Feb-2021 18:56:57.781 INFO [http-nio-8001-exec-86] org.apache.catalina.core.ApplicationContext.log Manager: list: Listing contexts for virtual host 'localhost'
14-Feb-2021 18:56:57.784 INFO [http-nio-8001-exec-87] org.apache.catalina.core.ApplicationContext.log Manager: deploy: Deploying web application '/tasks-backend'
14-Feb-2021 18:56:57.784 INFO [http-nio-8001-exec-87] org.apache.catalina.core.ApplicationContext.log Manager: Uploading WAR file to /home/orbite/devops/apache-tomcat-8.5.50/webapps/tasks-backend.war
14-Feb-2021 18:57:19.100 INFO [http-nio-8001-exec-80] org.apache.catalina.core.ApplicationContext.log Manager: list: Listing contexts for virtual host 'localhost'
14-Feb-2021 18:57:19.102 INFO [http-nio-8001-exec-75] org.apache.catalina.core.ApplicationContext.log Manager: deploy: Deploying web application '/tasks'
14-Feb-2021 18:57:19.102 INFO [http-nio-8001-exec-75] org.apache.catalina.core.ApplicationContext.log Manager: Uploading WAR file to /home/orbite/devops/apache-tomcat-8.5.50/webapps/tasks.war
14-Feb-2021 18:57:52.726 INFO [http-nio-8001-exec-87] org.apache.catalina.core.ApplicationContext.log HTMLManager: undeploy: Undeploying web application at '/tasks'
14-Feb-2021 18:57:53.268 INFO [http-nio-8001-exec-87] org.apache.catalina.core.ApplicationContext.log HTMLManager: list: Listing contexts for virtual host 'localhost'
14-Feb-2021 18:57:59.123 INFO [http-nio-8001-exec-95] org.apache.catalina.core.ApplicationContext.log HTMLManager: undeploy: Undeploying web application at '/tasks'
14-Feb-2021 18:57:59.123 INFO [http-nio-8001-exec-95] org.apache.catalina.core.ApplicationContext.log HTMLManager: list: Listing contexts for virtual host 'localhost'
14-Feb-2021 18:58:14.354 INFO [http-nio-8001-exec-94] org.apache.catalina.core.ApplicationContext.log Manager: list: Listing contexts for virtual host 'localhost'
14-Feb-2021 18:58:14.357 INFO [http-nio-8001-exec-96] org.apache.catalina.core.ApplicationContext.log Manager: deploy: Deploying web application '/tasks'
14-Feb-2021 18:58:14.358 INFO [http-nio-8001-exec-96] org.apache.catalina.core.ApplicationContext.log Manager: Uploading WAR file to /home/orbite/devops/apache-tomcat-8.5.50/webapps/tasks.war
14-Feb-2021 18:58:24.823 INFO [http-nio-8001-exec-93] org.apache.catalina.core.ApplicationContext.log HTMLManager: undeploy: Undeploying web application at '/tasks'
14-Feb-2021 18:58:25.367 INFO [http-nio-8001-exec-93] org.apache.catalina.core.ApplicationContext.log HTMLManager: list: Listing contexts for virtual host 'localhost'
14-Feb-2021 18:58:40.458 INFO [http-nio-8001-exec-102] org.apache.catalina.core.ApplicationContext.log HTMLManager: list: Listing contexts for virtual host 'localhost'
14-Feb-2021 18:58:45.280 INFO [http-nio-8001-exec-97] org.apache.catalina.core.ApplicationContext.log HTMLManager: undeploy: Undeploying web application at '/tasks-backend'
14-Feb-2021 18:58:45.850 INFO [http-nio-8001-exec-97] org.apache.catalina.core.ApplicationContext.log HTMLManager: list: Listing contexts for virtual host 'localhost'
14-Feb-2021 18:58:59.465 INFO [http-nio-8001-exec-99] org.apache.catalina.core.ApplicationContext.log Manager: list: Listing contexts for virtual host 'localhost'
14-Feb-2021 18:58:59.469 INFO [http-nio-8001-exec-88] org.apache.catalina.core.ApplicationContext.log Manager: deploy: Deploying web application '/tasks-backend'
14-Feb-2021 18:58:59.469 INFO [http-nio-8001-exec-88] org.apache.catalina.core.ApplicationContext.log Manager: Uploading WAR file to /home/orbite/devops/apache-tomcat-8.5.50/webapps/tasks-backend.war
14-Feb-2021 18:59:25.049 INFO [http-nio-8001-exec-103] org.apache.catalina.core.ApplicationContext.log Manager: list: Listing contexts for virtual host 'localhost'
14-Feb-2021 18:59:25.052 INFO [http-nio-8001-exec-106] org.apache.catalina.core.ApplicationContext.log Manager: deploy: Deploying web application '/tasks'
14-Feb-2021 18:59:25.052 INFO [http-nio-8001-exec-106] org.apache.catalina.core.ApplicationContext.log Manager: Uploading WAR file to /home/orbite/devops/apache-tomcat-8.5.50/webapps/tasks.war
14-Feb-2021 18:59:40.514 INFO [http-nio-8001-exec-105] org.apache.catalina.core.ApplicationContext.log HTMLManager: undeploy: Undeploying web application at '/tasks-backend'
14-Feb-2021 18:59:41.086 INFO [http-nio-8001-exec-105] org.apache.catalina.core.ApplicationContext.log HTMLManager: list: Listing contexts for virtual host 'localhost'
14-Feb-2021 19:00:08.287 INFO [http-nio-8001-exec-104] org.apache.catalina.core.ApplicationContext.log Manager: list: Listing contexts for virtual host 'localhost'
14-Feb-2021 19:00:08.290 INFO [http-nio-8001-exec-110] org.apache.catalina.core.ApplicationContext.log Manager: deploy: Deploying web application '/tasks-backend'
14-Feb-2021 19:00:08.290 INFO [http-nio-8001-exec-110] org.apache.catalina.core.ApplicationContext.log Manager: Uploading WAR file to /home/orbite/devops/apache-tomcat-8.5.50/webapps/tasks-backend.war
14-Feb-2021 19:00:29.270 INFO [http-nio-8001-exec-112] org.apache.catalina.core.ApplicationContext.log Manager: list: Listing contexts for virtual host 'localhost'
14-Feb-2021 19:00:29.278 INFO [http-nio-8001-exec-107] org.apache.catalina.core.ApplicationContext.log Manager: list: Listing contexts for virtual host 'localhost'
14-Feb-2021 19:00:29.281 INFO [http-nio-8001-exec-111] org.apache.catalina.core.ApplicationContext.log Manager: undeploy: Undeploying web application at '/tasks'
14-Feb-2021 19:00:29.829 INFO [http-nio-8001-exec-113] org.apache.catalina.core.ApplicationContext.log Manager: deploy: Deploying web application '/tasks'
14-Feb-2021 19:00:29.830 INFO [http-nio-8001-exec-113] org.apache.catalina.core.ApplicationContext.log Manager: Uploading WAR file to /home/orbite/devops/apache-tomcat-8.5.50/webapps/tasks.war
14-Feb-2021 19:00:33.651 INFO [http-nio-8001-exec-97] org.apache.catalina.core.ApplicationContext.log HTMLManager: undeploy: Undeploying web application at '/tasks-backend'
14-Feb-2021 19:00:34.226 INFO [http-nio-8001-exec-97] org.apache.catalina.core.ApplicationContext.log HTMLManager: list: Listing contexts for virtual host 'localhost'
14-Feb-2021 19:00:34.451 INFO [http-nio-8001-exec-111] org.apache.catalina.core.ApplicationContext.log HTMLManager: undeploy: Undeploying web application at '/tasks-backend'
14-Feb-2021 19:00:34.451 INFO [http-nio-8001-exec-111] org.apache.catalina.core.ApplicationContext.log HTMLManager: list: Listing contexts for virtual host 'localhost'
14-Feb-2021 19:00:35.099 INFO [http-nio-8001-exec-116] org.apache.catalina.core.ApplicationContext.log HTMLManager: undeploy: Undeploying web application at '/tasks-backend'
14-Feb-2021 19:00:35.099 INFO [http-nio-8001-exec-116] org.apache.catalina.core.ApplicationContext.log HTMLManager: list: Listing contexts for virtual host 'localhost'
14-Feb-2021 19:00:40.520 INFO [http-nio-8001-exec-120] org.apache.catalina.core.ApplicationContext.log HTMLManager: list: Listing contexts for virtual host 'localhost'
14-Feb-2021 19:00:41.227 INFO [http-nio-8001-exec-116] org.apache.catalina.core.ApplicationContext.log HTMLManager: list: Listing contexts for virtual host 'localhost'
14-Feb-2021 19:00:42.078 INFO [http-nio-8001-exec-117] org.apache.catalina.core.ApplicationContext.log HTMLManager: list: Listing contexts for virtual host 'localhost'
14-Feb-2021 19:00:56.092 INFO [http-nio-8001-exec-119] org.apache.catalina.core.ApplicationContext.log HTMLManager: list: Listing contexts for virtual host 'localhost'
14-Feb-2021 19:01:16.323 INFO [http-nio-8001-exec-108] org.apache.catalina.core.ApplicationContext.log Manager: list: Listing contexts for virtual host 'localhost'
14-Feb-2021 19:01:16.326 INFO [http-nio-8001-exec-128] org.apache.catalina.core.ApplicationContext.log Manager: deploy: Deploying web application '/tasks-backend'
14-Feb-2021 19:01:16.327 INFO [http-nio-8001-exec-128] org.apache.catalina.core.ApplicationContext.log Manager: Uploading WAR file to /home/orbite/devops/apache-tomcat-8.5.50/webapps/tasks-backend.war
14-Feb-2021 19:01:16.581 INFO [http-nio-8001-exec-121] org.apache.catalina.core.ApplicationContext.log HTMLManager: undeploy: Undeploying web application at '/tasks'
14-Feb-2021 19:01:17.124 INFO [http-nio-8001-exec-121] org.apache.catalina.core.ApplicationContext.log HTMLManager: list: Listing contexts for virtual host 'localhost'
14-Feb-2021 19:01:40.837 INFO [http-nio-8001-exec-126] org.apache.catalina.core.ApplicationContext.log Manager: list: Listing contexts for virtual host 'localhost'
14-Feb-2021 19:01:40.840 INFO [http-nio-8001-exec-120] org.apache.catalina.core.ApplicationContext.log Manager: deploy: Deploying web application '/tasks'
14-Feb-2021 19:01:40.840 INFO [http-nio-8001-exec-120] org.apache.catalina.core.ApplicationContext.log Manager: Uploading WAR file to /home/orbite/devops/apache-tomcat-8.5.50/webapps/tasks.war
14-Feb-2021 19:01:41.491 INFO [http-nio-8001-exec-124] org.apache.catalina.core.ApplicationContext.log HTMLManager: undeploy: Undeploying web application at '/tasks'
14-Feb-2021 19:01:41.491 INFO [http-nio-8001-exec-124] org.apache.catalina.core.ApplicationContext.log HTMLManager: list: Listing contexts for virtual host 'localhost'
